2019-03-23 11:53:41.416 [info] <0.43.0> Application lager started on node nonode@nohost
2019-03-23 11:53:41.422 [info] <0.43.0> Application xmerl started on node nonode@nohost
2019-03-23 11:53:41.424 [info] <0.43.0> Application jsx started on node nonode@nohost
2019-03-23 11:53:41.430 [info] <0.43.0> Application ranch started on node nonode@nohost
2019-03-23 11:53:41.431 [info] <0.43.0> Application recon started on node nonode@nohost
2019-03-23 11:53:41.432 [info] <0.43.0> Application rabbit_common started on node nonode@nohost
2019-03-23 11:53:41.439 [info] <0.43.0> Application amqp_client started on node nonode@nohost
2019-03-23 11:53:41.440 [info] <0.43.0> Application amqp started on node nonode@nohost
2019-03-23 11:53:41.440 [info] <0.43.0> Application rabbitmq_tutorials started on node nonode@nohost
2019-03-23 11:54:34.278 [info] <0.43.0> Application lager started on node nonode@nohost
2019-03-23 11:54:34.284 [info] <0.43.0> Application xmerl started on node nonode@nohost
2019-03-23 11:54:34.286 [info] <0.43.0> Application jsx started on node nonode@nohost
2019-03-23 11:54:34.292 [info] <0.43.0> Application ranch started on node nonode@nohost
2019-03-23 11:54:34.293 [info] <0.43.0> Application recon started on node nonode@nohost
2019-03-23 11:54:34.293 [info] <0.43.0> Application rabbit_common started on node nonode@nohost
2019-03-23 11:54:34.299 [info] <0.43.0> Application amqp_client started on node nonode@nohost
2019-03-23 11:54:34.299 [info] <0.43.0> Application amqp started on node nonode@nohost
2019-03-23 11:54:34.299 [info] <0.43.0> Application rabbitmq_tutorials started on node nonode@nohost
2019-03-23 13:48:50.875 [info] <0.43.0> Application lager started on node nonode@nohost
2019-03-23 13:48:50.882 [info] <0.43.0> Application xmerl started on node nonode@nohost
2019-03-23 13:48:50.884 [info] <0.43.0> Application jsx started on node nonode@nohost
2019-03-23 13:48:50.889 [info] <0.43.0> Application ranch started on node nonode@nohost
2019-03-23 13:48:50.890 [info] <0.43.0> Application recon started on node nonode@nohost
2019-03-23 13:48:50.890 [info] <0.43.0> Application rabbit_common started on node nonode@nohost
2019-03-23 13:48:50.898 [info] <0.43.0> Application amqp_client started on node nonode@nohost
2019-03-23 13:48:50.899 [info] <0.43.0> Application amqp started on node nonode@nohost
2019-03-23 13:48:50.899 [info] <0.43.0> Application rabbitmq_tutorials started on node nonode@nohost
2019-03-23 13:49:25.232 [info] <0.43.0> Application lager started on node nonode@nohost
2019-03-23 13:49:25.239 [info] <0.43.0> Application xmerl started on node nonode@nohost
2019-03-23 13:49:25.241 [info] <0.43.0> Application jsx started on node nonode@nohost
2019-03-23 13:49:25.246 [info] <0.43.0> Application ranch started on node nonode@nohost
2019-03-23 13:49:25.247 [info] <0.43.0> Application recon started on node nonode@nohost
2019-03-23 13:49:25.248 [info] <0.43.0> Application rabbit_common started on node nonode@nohost
2019-03-23 13:49:25.255 [info] <0.43.0> Application amqp_client started on node nonode@nohost
2019-03-23 13:49:25.255 [info] <0.43.0> Application amqp started on node nonode@nohost
2019-03-23 13:49:25.255 [info] <0.43.0> Application rabbitmq_tutorials started on node nonode@nohost
2019-03-23 13:50:34.248 [info] <0.43.0> Application lager started on node nonode@nohost
2019-03-23 13:50:34.253 [info] <0.43.0> Application xmerl started on node nonode@nohost
2019-03-23 13:50:34.255 [info] <0.43.0> Application jsx started on node nonode@nohost
2019-03-23 13:50:34.259 [info] <0.43.0> Application ranch started on node nonode@nohost
2019-03-23 13:50:34.260 [info] <0.43.0> Application recon started on node nonode@nohost
2019-03-23 13:50:34.260 [info] <0.43.0> Application rabbit_common started on node nonode@nohost
2019-03-23 13:50:34.266 [info] <0.43.0> Application amqp_client started on node nonode@nohost
2019-03-23 13:50:34.266 [info] <0.43.0> Application amqp started on node nonode@nohost
2019-03-23 13:50:34.267 [info] <0.43.0> Application rabbitmq_tutorials started on node nonode@nohost
2019-03-23 15:30:47.544 [info] <0.43.0> Application lager started on node nonode@nohost
2019-03-23 15:30:47.553 [info] <0.43.0> Application xmerl started on node nonode@nohost
2019-03-23 15:30:47.557 [info] <0.43.0> Application jsx started on node nonode@nohost
2019-03-23 15:30:47.565 [info] <0.43.0> Application ranch started on node nonode@nohost
2019-03-23 15:30:47.567 [info] <0.43.0> Application recon started on node nonode@nohost
2019-03-23 15:30:47.567 [info] <0.43.0> Application rabbit_common started on node nonode@nohost
2019-03-23 15:30:47.575 [info] <0.43.0> Application amqp_client started on node nonode@nohost
2019-03-23 15:30:47.575 [info] <0.43.0> Application amqp started on node nonode@nohost
2019-03-23 15:30:47.576 [info] <0.43.0> Application rabbitmq_tutorials started on node nonode@nohost
2019-03-23 15:49:07.442 [info] <0.43.0> Application lager started on node nonode@nohost
2019-03-23 15:49:07.447 [info] <0.43.0> Application xmerl started on node nonode@nohost
2019-03-23 15:49:07.449 [info] <0.43.0> Application jsx started on node nonode@nohost
2019-03-23 15:49:07.454 [info] <0.43.0> Application ranch started on node nonode@nohost
2019-03-23 15:49:07.455 [info] <0.43.0> Application recon started on node nonode@nohost
2019-03-23 15:49:07.455 [info] <0.43.0> Application rabbit_common started on node nonode@nohost
2019-03-23 15:49:07.461 [info] <0.43.0> Application amqp_client started on node nonode@nohost
2019-03-23 15:49:07.461 [info] <0.43.0> Application amqp started on node nonode@nohost
2019-03-23 15:49:07.461 [info] <0.43.0> Application rabbitmq_tutorials started on node nonode@nohost
2019-03-23 15:49:12.380 [info] <0.43.0> Application lager started on node nonode@nohost
2019-03-23 15:49:12.385 [info] <0.43.0> Application xmerl started on node nonode@nohost
2019-03-23 15:49:12.387 [info] <0.43.0> Application jsx started on node nonode@nohost
2019-03-23 15:49:12.391 [info] <0.43.0> Application ranch started on node nonode@nohost
2019-03-23 15:49:12.392 [info] <0.43.0> Application recon started on node nonode@nohost
2019-03-23 15:49:12.392 [info] <0.43.0> Application rabbit_common started on node nonode@nohost
2019-03-23 15:49:12.398 [info] <0.43.0> Application amqp_client started on node nonode@nohost
2019-03-23 15:49:12.398 [info] <0.43.0> Application amqp started on node nonode@nohost
2019-03-23 15:49:12.398 [info] <0.43.0> Application rabbitmq_tutorials started on node nonode@nohost
2019-03-23 15:50:51.029 [info] <0.43.0> Application lager started on node nonode@nohost
2019-03-23 15:50:51.034 [info] <0.43.0> Application xmerl started on node nonode@nohost
2019-03-23 15:50:51.036 [info] <0.43.0> Application jsx started on node nonode@nohost
2019-03-23 15:50:51.041 [info] <0.43.0> Application ranch started on node nonode@nohost
2019-03-23 15:50:51.042 [info] <0.43.0> Application recon started on node nonode@nohost
2019-03-23 15:50:51.043 [info] <0.43.0> Application rabbit_common started on node nonode@nohost
2019-03-23 15:50:51.049 [info] <0.43.0> Application amqp_client started on node nonode@nohost
2019-03-23 15:50:51.049 [info] <0.43.0> Application amqp started on node nonode@nohost
2019-03-23 15:50:51.049 [info] <0.43.0> Application rabbitmq_tutorials started on node nonode@nohost
2019-03-23 15:50:57.434 [info] <0.43.0> Application lager started on node nonode@nohost
2019-03-23 15:50:57.439 [info] <0.43.0> Application xmerl started on node nonode@nohost
2019-03-23 15:50:57.441 [info] <0.43.0> Application jsx started on node nonode@nohost
2019-03-23 15:50:57.446 [info] <0.43.0> Application ranch started on node nonode@nohost
2019-03-23 15:50:57.448 [info] <0.43.0> Application recon started on node nonode@nohost
2019-03-23 15:50:57.448 [info] <0.43.0> Application rabbit_common started on node nonode@nohost
2019-03-23 15:50:57.454 [info] <0.43.0> Application amqp_client started on node nonode@nohost
2019-03-23 15:50:57.454 [info] <0.43.0> Application amqp started on node nonode@nohost
2019-03-23 15:50:57.454 [info] <0.43.0> Application rabbitmq_tutorials started on node nonode@nohost
2019-03-23 15:51:59.629 [info] <0.43.0> Application lager started on node nonode@nohost
2019-03-23 15:51:59.634 [info] <0.43.0> Application xmerl started on node nonode@nohost
2019-03-23 15:51:59.636 [info] <0.43.0> Application jsx started on node nonode@nohost
2019-03-23 15:51:59.641 [info] <0.43.0> Application ranch started on node nonode@nohost
2019-03-23 15:51:59.642 [info] <0.43.0> Application recon started on node nonode@nohost
2019-03-23 15:51:59.642 [info] <0.43.0> Application rabbit_common started on node nonode@nohost
2019-03-23 15:51:59.648 [info] <0.43.0> Application amqp_client started on node nonode@nohost
2019-03-23 15:51:59.648 [info] <0.43.0> Application amqp started on node nonode@nohost
2019-03-23 15:51:59.648 [info] <0.43.0> Application rabbitmq_tutorials started on node nonode@nohost
2019-03-23 15:52:02.042 [info] <0.43.0> Application lager started on node nonode@nohost
2019-03-23 15:52:02.048 [info] <0.43.0> Application xmerl started on node nonode@nohost
2019-03-23 15:52:02.050 [info] <0.43.0> Application jsx started on node nonode@nohost
2019-03-23 15:52:02.054 [info] <0.43.0> Application ranch started on node nonode@nohost
2019-03-23 15:52:02.055 [info] <0.43.0> Application recon started on node nonode@nohost
2019-03-23 15:52:02.055 [info] <0.43.0> Application rabbit_common started on node nonode@nohost
2019-03-23 15:52:02.061 [info] <0.43.0> Application amqp_client started on node nonode@nohost
2019-03-23 15:52:02.061 [info] <0.43.0> Application amqp started on node nonode@nohost
2019-03-23 15:52:02.061 [info] <0.43.0> Application rabbitmq_tutorials started on node nonode@nohost
